0000000000000000 a __start__
0000000000000000 T _start
0000000000000000 b _TLS_MODULE_BASE_
0000000000000000 0000000000000004 b g_fsPriority
0000000000000004 0000000000000004 b fsdev_last_result
0000000000000008 0000000000000401 B __nx_dev_path_buf
00000000000000e0 T __nx_exit
00000000000000f0 T __nx_mod0
0000000000000124 0000000000000050 T std::__throw_logic_error(char const*)
0000000000000174 0000000000000050 T std::__throw_length_error(char const*)
00000000000001c4 00000000000000b4 T std::__throw_system_error(int)
0000000000000278 0000000000000034 W __gnu_cxx::__throw_concurrence_lock_error()
00000000000002ac 0000000000000034 W __gnu_cxx::__throw_concurrence_unlock_error()
00000000000002e0 0000000000000010 T std::terminate()
00000000000002f0 0000000000000010 T std::unexpected()
0000000000000300 0000000000000044 T __cxa_call_terminate
0000000000000360 000000000000001c t _GLOBAL__sub_D.00098_tzdb.cc
0000000000000380 0000000000000034 t _GLOBAL__sub_D_eh_globals.cc
00000000000003c0 0000000000000034 T exit
0000000000000400 000000000000002c T main
0000000000000440 00000000000001f0 t _GLOBAL__sub_I_eh_alloc.cc
0000000000000640 0000000000000038 t _GLOBAL__sub_I_eh_globals.cc
0000000000000680 00000000000000a4 t _GLOBAL__sub_I_cxx11_wlocale_inst.cc
0000000000000740 00000000000000f4 t _GLOBAL__sub_I_locale_inst.cc
0000000000000840 00000000000000f4 t _GLOBAL__sub_I_wlocale_inst.cc
0000000000000940 00000000000000a4 t _GLOBAL__sub_I_cxx11_locale_inst.cc
0000000000000a00 t __do_global_dtors_aux
0000000000000a60 t frame_dummy
0000000000000a90 000000000000002c t std::_Function_handler<void (), App::InitializeIPC()::{lambda()#1}>::_M_invoke(std::_Any_data const&)
0000000000000ac0 000000000000000c t std::_Function_handler<void (), App::InitializeIPC()::{lambda()#5}>::_M_invoke(std::_Any_data const&)
0000000000000ad0 0000000000000038 t std::_Function_handler<void (), App::InitializeIPC()::{lambda()#8}>::_M_manager(std::_Any_data&, std::_Any_data const&, std::_Manager_operation)
0000000000000b10 0000000000000038 t std::_Function_handler<void (), App::InitializeIPC()::{lambda()#7}>::_M_manager(std::_Any_data&, std::_Any_data const&, std::_Manager_operation)
0000000000000b50 0000000000000038 t std::_Function_handler<void (), App::InitializeIPC()::{lambda()#6}>::_M_manager(std::_Any_data&, std::_Any_data const&, std::_Manager_operation)
0000000000000b90 0000000000000038 t std::_Function_handler<void (), App::InitializeIPC()::{lambda()#5}>::_M_manager(std::_Any_data&, std::_Any_data const&, std::_Manager_operation)
0000000000000bd0 0000000000000038 t std::_Function_handler<void (), App::InitializeIPC()::{lambda()#4}>::_M_manager(std::_Any_data&, std::_Any_data const&, std::_Manager_operation)
0000000000000c10 0000000000000038 t std::_Function_handler<void (), App::InitializeIPC()::{lambda()#3}>::_M_manager(std::_Any_data&, std::_Any_data const&, std::_Manager_operation)
0000000000000c50 0000000000000038 t std::_Function_handler<void (), App::InitializeIPC()::{lambda()#2}>::_M_manager(std::_Any_data&, std::_Any_data const&, std::_Manager_operation)
0000000000000c90 0000000000000038 t std::_Function_handler<void (), App::InitializeIPC()::{lambda()#1}>::_M_manager(std::_Any_data&, std::_Any_data const&, std::_Manager_operation)
0000000000000cd0 00000000000001dc t createNotification.part.0.constprop.0.isra.0
0000000000000eb0 0000000000000154 t App::CreateNotification(bool) [clone .part.0] [clone .isra.0]
0000000000001010 0000000000000070 T App::~App()
0000000000001010 0000000000000070 T App::~App()
0000000000001080 00000000000002ac T App::InitializeIPC()
0000000000001330 000000000000008c T App::App()
0000000000001330 000000000000008c T App::App()
00000000000013c0 0000000000000118 T App::LoadBasicConfig(unsigned long)
00000000000014e0 0000000000000094 T App::LoadAutoFireConfig()
0000000000001580 0000000000000190 T App::LoadButtonMappings(char const*)
0000000000001710 000000000000004c t std::_Function_handler<void (), App::InitializeIPC()::{lambda()#4}>::_M_invoke(std::_Any_data const&)
0000000000001760 000000000000004c t std::_Function_handler<void (), App::InitializeIPC()::{lambda()#8}>::_M_invoke(std::_Any_data const&)
00000000000017b0 000000000000009c T App::StartAutoKey()
0000000000001850 0000000000000044 t std::_Function_handler<void (), App::InitializeIPC()::{lambda()#2}>::_M_invoke(std::_Any_data const&)
00000000000018a0 0000000000000088 T App::OnGameLaunched(unsigned long)
0000000000001930 00000000000000e8 T App::OnGameRunning(unsigned long)
0000000000001a20 0000000000000054 T App::StopAutoKey()
0000000000001a80 000000000000000c t std::_Function_handler<void (), App::InitializeIPC()::{lambda()#3}>::_M_invoke(std::_Any_data const&)
0000000000001a90 0000000000000118 T App::Loop()
0000000000001bb0 0000000000000044 T App::UpdateAutoKeyConfig()
0000000000001c00 000000000000006c t std::_Function_handler<void (), App::InitializeIPC()::{lambda()#6}>::_M_invoke(std::_Any_data const&)
0000000000001c70 0000000000000028 t std::_Function_handler<void (), App::InitializeIPC()::{lambda()#7}>::_M_invoke(std::_Any_data const&)
0000000000001ca0 00000000000000e4 T AutoKeyManager::AutoKeyManager(unsigned long, int, int)
0000000000001ca0 00000000000000e4 T AutoKeyManager::AutoKeyManager(unsigned long, int, int)
0000000000001d90 0000000000000068 T AutoKeyManager::UpdateConfig(unsigned long, int, int)
0000000000001e00 0000000000000014 T AutoKeyManager::Pause()
0000000000001e20 0000000000000008 T AutoKeyManager::Resume()
0000000000001e30 000000000000006c T AutoKeyManager::~AutoKeyManager()
0000000000001e30 000000000000006c T AutoKeyManager::~AutoKeyManager()
0000000000001ea0 00000000000001b8 T AutoKeyManager::ReadPhysicalInput(HidNpadCommonState*)
0000000000002060 00000000000000a8 T AutoKeyManager::HandleTurboRunning(unsigned long, unsigned long)
0000000000002110 0000000000000100 t AutoKeyManager::HijackAndModifyState() [clone .part.0]
0000000000002210 0000000000000078 T AutoKeyManager::ProcessAutoKey()
0000000000002290 0000000000000004 T AutoKeyManager::autokey_thread_func(void*)
00000000000022a0 0000000000000044 T ButtonRemapper::RestoreMapping()
00000000000022f0 000000000000024c W void ButtonRemapper::ApplyMapping<HidcfgButtonConfigEmbedded>(HidcfgButtonConfigEmbedded&, char const*, char const*)
0000000000002540 0000000000000064 T ButtonRemapper::ApplyMappingsToEmbedded(HidsysUniquePadId, std::vector<ButtonMapping, std::allocator<ButtonMapping> > const&)
00000000000025b0 000000000000024c W void ButtonRemapper::ApplyMapping<HidcfgButtonConfigFull>(HidcfgButtonConfigFull&, char const*, char const*)
0000000000002800 0000000000000064 T ButtonRemapper::ApplyMappingsToFull(HidsysUniquePadId, std::vector<ButtonMapping, std::allocator<ButtonMapping> > const&)
0000000000002870 00000000000000e0 T ButtonRemapper::SetMapping(std::vector<ButtonMapping, std::allocator<ButtonMapping> > const&)
0000000000002950 0000000000000158 T FocusMonitor::GetState(unsigned long)
0000000000002ab0 0000000000000054 T GameMonitor::GetCurrentGameTitleId()
0000000000002b10 0000000000000068 T GameMonitor::GetState()
0000000000002b80 000000000000007c T IPCServer::IPCServer()
0000000000002b80 000000000000007c T IPCServer::IPCServer()
0000000000002c00 0000000000000120 T IPCServer::~IPCServer()
0000000000002c00 0000000000000120 T IPCServer::~IPCServer()
0000000000002d20 0000000000000098 T IPCServer::Start(char const*)
0000000000002dc0 0000000000000070 T IPCServer::SetExitCallback(std::function<void ()>)
0000000000002e30 0000000000000070 T IPCServer::SetEnableAutoFireCallback(std::function<void ()>)
0000000000002ea0 0000000000000070 T IPCServer::SetDisableAutoFireCallback(std::function<void ()>)
0000000000002f10 0000000000000070 T IPCServer::SetEnableMappingCallback(std::function<void ()>)
0000000000002f80 0000000000000070 T IPCServer::SetDisableMappingCallback(std::function<void ()>)
0000000000002ff0 0000000000000074 T IPCServer::SetReloadBasicCallback(std::function<void ()>)
0000000000003070 0000000000000074 T IPCServer::SetReloadAutoFireCallback(std::function<void ()>)
00000000000030f0 0000000000000074 T IPCServer::SetReloadMappingCallback(std::function<void ()>)
0000000000003170 0000000000000078 T IPCServer::StopServer()
00000000000031f0 0000000000000294 T IPCServer::HandleCommand(unsigned long)
0000000000003490 000000000000011c T IPCServer::ParseRequestFromTLS()
00000000000035b0 0000000000000370 T IPCServer::WaitAndProcessRequest()
0000000000003920 0000000000000058 T IPCServer::ThreadEntry(void*)
0000000000003980 00000000000003ec W getSetNotifLanguage()
0000000000003d70 000000000000002c T __libnx_initheap
0000000000003da0 0000000000000074 T __appInit
0000000000003e20 0000000000000030 T __appExit
0000000000003e50 00000000000000fc t ini_open
0000000000003f50 0000000000000008 T ini_openread_nx
0000000000003f60 0000000000000028 T ini_close_nx
0000000000003f90 000000000000009c T ini_read_nx
0000000000004030 0000000000000010 T ini_tell_nx
0000000000004040 0000000000000294 t ini_strncpy.isra.0
00000000000042e0 0000000000000130 t cleanstring.part.0
0000000000004410 00000000000004a4 t getkeystring
00000000000048c0 00000000000000c4 t ini_gets.part.0
0000000000004990 000000000000001c T ini_gets
00000000000049b0 00000000000000b0 T ini_getbool
0000000000004a60 000000000000007c T ini_parse_getl
0000000000004ae0 000000000000004c T ini_getl
0000000000004b30 00000000000000c8 T mutexLock
0000000000004c00 0000000000000068 T mutexUnlock
0000000000004c70 000000000000001c T mutexIsLockedByCurrentThread
0000000000004c90 0000000000000058 T rmutexLock
0000000000004cf0 000000000000001c T rmutexUnlock
0000000000004d10 00000000000000b0 T __libnx_init_thread
0000000000004dc0 000000000000034c T threadCreate
0000000000005110 00000000000000a4 T threadExit
00000000000051c0 00000000000000ac t _EntryWrap
0000000000005270 0000000000000008 T threadStart
0000000000005280 000000000000002c T threadWaitForExit
00000000000052b0 00000000000000a4 T threadClose
0000000000005360 0000000000000010 T threadTlsGet
0000000000005370 0000000000000010 T threadTlsSet
0000000000005380 00000000000000d8 T threadTlsAlloc
0000000000005460 0000000000000044 T threadTlsFree
00000000000054b0 0000000000000064 t _memregionInitWithInfo
0000000000005520 0000000000000004 W __libnx_virtmem_rng
0000000000005530 0000000000000164 t _memregionFindRandom
00000000000056a0 0000000000000140 T virtmemSetup
00000000000057e0 000000000000000c T virtmemLock
00000000000057f0 000000000000000c T virtmemUnlock
0000000000005800 0000000000000050 T virtmemFindAslr
0000000000005850 0000000000000050 T virtmemFindStack
00000000000058a0 0000000000000118 T waitHandles
00000000000059c0 00000000000000b4 t _fsCleanup
0000000000005a80 00000000000001c0 t _fsCmdNoIO
0000000000005c40 00000000000001e0 t _fsFsCmdWithInPath
0000000000005e20 00000000000001f8 t _fsFsCmdWithTwoInPaths
0000000000006020 000000000000028c t _fsFsOpenCommon
00000000000062b0 00000000000001fc t _fsFsCmdWithInPathAndOutU64
00000000000064b0 00000000000000f8 t _fsObjectClose
00000000000065b0 000000000000017c t _fsCmdGetSession.constprop.0
0000000000006730 00000000000002f8 T fsInitialize
0000000000006a30 0000000000000048 T fsExit
0000000000006a80 0000000000000008 T fsOpenSdCardFileSystem
0000000000006a90 00000000000001ec T fsFsCreateFile
0000000000006c80 0000000000000008 T fsFsDeleteFile
0000000000006c90 0000000000000008 T fsFsCreateDirectory
0000000000006ca0 0000000000000008 T fsFsDeleteDirectory
0000000000006cb0 0000000000000008 T fsFsRenameFile
0000000000006cc0 0000000000000008 T fsFsRenameDirectory
0000000000006cd0 00000000000001f0 T fsFsGetEntryType
0000000000006ec0 0000000000000008 T fsFsOpenFile
0000000000006ed0 0000000000000008 T fsFsOpenDirectory
0000000000006ee0 0000000000000008 T fsFsGetFreeSpace
0000000000006ef0 0000000000000008 T fsFsGetTotalSpace
0000000000006f00 0000000000000230 T fsFsGetFileTimeStampRaw
0000000000007130 0000000000000004 T fsFsClose
0000000000007140 0000000000000214 T fsFileRead
0000000000007360 00000000000001f8 T fsFileWrite
0000000000007560 0000000000000008 T fsFileFlush
0000000000007570 00000000000001c0 T fsFileSetSize
0000000000007570 00000000000001c0 t fsFileSetSize.localalias
0000000000007730 00000000000001d4 T fsFileGetSize
0000000000007730 00000000000001d4 t fsFileGetSize.localalias
0000000000007910 0000000000000004 T fsFileClose
0000000000007920 0000000000000004 T fsDirClose
0000000000007930 0000000000000204 T fsDirRead
0000000000007b40 000000000000012c t _hidCleanup
0000000000007c70 0000000000000194 t _hidGetStates
0000000000007e10 000000000000026c T hidInitialize
0000000000008080 0000000000000048 T hidExit
00000000000080d0 000000000000000c T hidGetSharedmemAddr
00000000000080e0 0000000000000090 T hidGetNpadStyleSet
0000000000008170 00000000000000a4 T hidGetNpadStatesFullKey
0000000000008220 00000000000000a4 T hidGetNpadStatesHandheld
00000000000082d0 00000000000000a4 T hidGetNpadStatesJoyDual
0000000000008380 00000000000000a4 T hidGetNpadStatesJoyLeft
0000000000008430 00000000000000a4 T hidGetNpadStatesJoyRight
00000000000084e0 00000000000000a8 T hidGetNpadStatesSystemExt
0000000000008590 00000000000000bc t _hiddbgCmdNoIO
0000000000008650 00000000000000c0 t _hiddbgCmdInU64NoOut
0000000000008710 0000000000000078 t _hiddbgCleanup
0000000000008790 00000000000000e0 t _hiddbgCmdInHandle64OutU64.constprop.0
0000000000008870 00000000000000cc t _hiddbgCmdInHandle64NoOut.constprop.0
0000000000008940 00000000000000a0 T hiddbgInitialize
00000000000089e0 0000000000000048 T hiddbgExit
0000000000008a30 0000000000000104 T hiddbgAttachHdlsWorkBuffer
0000000000008b40 00000000000000a4 T hiddbgReleaseHdlsWorkBuffer
0000000000008bf0 0000000000000268 T hiddbgDumpHdlsStates
0000000000008e60 0000000000000278 T hiddbgApplyHdlsStateList
00000000000090e0 00000000000000bc t _hidsysCmdNoIO
00000000000091a0 00000000000000d8 t _hidsysCmdInU64InBoolNoOut
0000000000009280 00000000000000dc t _hidsysCmdInU64InBufFixedNoOut
0000000000009360 00000000000000dc t _hidsysCmdInU64OutBufFixed
0000000000009440 0000000000000078 t _hidsysCleanup
00000000000094c0 00000000000000b0 T hidsysInitialize
0000000000009570 0000000000000048 T hidsysExit
00000000000095c0 00000000000000e8 T hidsysGetUniquePadIds
00000000000096b0 00000000000000fc T hidsysGetUniquePadType
00000000000097b0 000000000000004c T hidsysSetAllCustomButtonConfigEnabled
0000000000009800 0000000000000030 T hidsysSetAllDefaultButtonConfig
0000000000009830 0000000000000050 T hidsysSetHidButtonConfigEmbedded
0000000000009880 0000000000000050 T hidsysSetHidButtonConfigFull
00000000000098d0 0000000000000050 T hidsysGetHidButtonConfigEmbedded
0000000000009920 0000000000000050 T hidsysGetHidButtonConfigFull
0000000000009970 0000000000000078 t _pdmqryCleanup
00000000000099f0 00000000000000a0 T pdmqryInitialize
0000000000009a90 0000000000000048 T pdmqryExit
0000000000009ae0 0000000000000290 T pdmqryQueryAppletEvent
0000000000009d70 0000000000000108 T pdmqryGetAvailablePlayEventRange
0000000000009e80 00000000000000d0 t _pmCmdInU64OutU64
0000000000009f50 0000000000000078 t _pmdmntCleanup
0000000000009fd0 0000000000000078 t _pmshellCleanup
000000000000a050 00000000000000a0 T pmdmntInitialize
000000000000a0f0 0000000000000048 T pmdmntExit
000000000000a140 00000000000000a0 T pmshellInitialize
000000000000a1e0 0000000000000048 T pmshellExit
000000000000a230 0000000000000044 T pmdmntGetProcessId
000000000000a280 00000000000000e4 T pmdmntGetApplicationProcessId
000000000000a370 000000000000005c T pmdmntGetProgramId
000000000000a3d0 00000000000000e8 T pmshellLaunchProgram
000000000000a4c0 00000000000000d0 t _setsysGetFirmwareVersionImpl
000000000000a590 0000000000000078 t _setCleanup
000000000000a610 0000000000000078 t _setsysCleanup
000000000000a690 00000000000000c8 t _setCmdNoInOutU32.isra.0
000000000000a760 00000000000000c8 t _setCmdNoInOut64.isra.0
000000000000a830 00000000000000a0 T setInitialize
000000000000a8d0 0000000000000048 T setExit
000000000000a920 00000000000000a0 T setsysInitialize
000000000000a9c0 0000000000000048 T setsysExit
000000000000aa10 000000000000001c T setGetLanguageCode
000000000000aa30 0000000000000004 T setGetSystemLanguage
000000000000aa40 0000000000000070 T setGetAvailableLanguageCodeCount
000000000000aab0 0000000000000174 T setGetAvailableLanguageCodes
000000000000ac30 0000000000000108 T setMakeLanguage
000000000000ad40 0000000000000048 T setsysGetFirmwareVersion
000000000000ad90 00000000000000cc t _smCmifCmdInPid
000000000000ae60 0000000000000078 t _smCleanup
000000000000aee0 0000000000000048 T smAddOverrideHandle
000000000000af30 0000000000000054 T smGetServiceOverride
000000000000af90 00000000000001ac T smInitialize
000000000000b140 0000000000000048 T smExit
000000000000b190 00000000000000d0 T smGetServiceOriginal
000000000000b260 0000000000000120 T smGetServiceWrapper
000000000000b380 00000000000000e4 T smRegisterServiceCmif
000000000000b470 00000000000000b0 T smRegisterServiceTipc
000000000000b520 0000000000000074 T smRegisterService
000000000000b5a0 00000000000000c0 T smUnregisterServiceCmif
000000000000b660 0000000000000080 T smUnregisterServiceTipc
000000000000b6e0 0000000000000048 T smUnregisterService
000000000000b730 0000000000000004 W __libnx_alloc
000000000000b740 0000000000000014 W __libnx_aligned_alloc
000000000000b760 0000000000000004 W __libnx_free
000000000000b770 000000000000001c W diagAbortWithResult
000000000000b790 0000000000000208 T envSetup
000000000000b9a0 0000000000000020 T envGetMainThreadHandle
000000000000b9c0 000000000000000c T envIsNso
000000000000b9d0 0000000000000014 T envHasArgv
000000000000b9f0 000000000000000c T envGetArgv
000000000000ba00 000000000000000c T envGetExitFuncPtr
000000000000ba10 000000000000000c T envHasRandomSeed
000000000000ba20 0000000000000010 T envGetRandomSeed
000000000000ba30 0000000000000014 T hosversionGet
000000000000ba50 0000000000000010 T hosversionSet
000000000000ba60 0000000000000014 T hosversionIsAtmosphere
000000000000ba80 0000000000000010 t fsdev_link
000000000000ba90 0000000000000010 t fsdev_dirreset
000000000000baa0 0000000000000010 t fsdev_chmod
000000000000bab0 0000000000000018 t error_cmp
000000000000bad0 0000000000000020 t fsdev_dirclose
000000000000baf0 000000000000001c t fsdev_close
000000000000bb10 0000000000000074 t fsdev_converttimetoutc
000000000000bb90 00000000000000d4 t fsdevFindDevice.part.0
000000000000bc70 00000000000001cc t fsdev_fixpath
000000000000be40 000000000000009c t _fsdevUnmountDeviceStruct.part.0
000000000000bee0 0000000000000010 t fsdev_fchmod
000000000000bef0 0000000000000100 t fsdev_diropen
000000000000bff0 00000000000000f8 t fsdev_statvfs
000000000000c0f0 000000000000007c t fsdev_fsync
000000000000c170 00000000000000ec t fsdev_fstat
000000000000c260 0000000000000094 t fsdev_ftruncate
000000000000c300 00000000000001d8 t fsdev_stat
000000000000c4e0 000000000000014c t fsdev_rename
000000000000c630 000000000000013c t fsdev_chdir
000000000000c770 00000000000000a4 t fsdev_rmdir
000000000000c820 00000000000000a4 t fsdev_mkdir
000000000000c8d0 00000000000000a4 t fsdev_unlink
000000000000c980 000000000000013c t fsdev_write_safe
000000000000cac0 0000000000000134 t fsdev_read_safe
000000000000cc00 0000000000000100 t fsdev_read
000000000000cd00 00000000000001d4 t fsdev_dirnext
000000000000cee0 0000000000000124 t fsdev_write
000000000000d010 0000000000000110 t fsdev_seek
000000000000d120 0000000000000230 t fsdev_open
000000000000d350 0000000000000324 T fsdevMountDevice
000000000000d680 0000000000000040 T fsdevMountSdmc
000000000000d6c0 0000000000000064 T fsdevUnmountAll
000000000000d730 0000000000000128 T decode_utf8
000000000000d858 T svcSetMemoryPermission
000000000000d860 T svcSetMemoryAttribute
000000000000d868 T svcMapMemory
000000000000d870 T svcUnmapMemory
000000000000d878 T svcQueryMemory
000000000000d88c T svcExitProcess
000000000000d894 T svcCreateThread
000000000000d8a8 T svcStartThread
000000000000d8b0 T svcExitThread
000000000000d8b8 T svcSleepThread
000000000000d8c0 T svcMapSharedMemory
000000000000d8c8 T svcUnmapSharedMemory
000000000000d8d0 T svcCreateTransferMemory
000000000000d8e4 T svcCloseHandle
000000000000d8ec T svcWaitSynchronization
000000000000d900 T svcArbitrateLock
000000000000d908 T svcArbitrateUnlock
000000000000d910 T svcWaitProcessWideKeyAtomic
000000000000d918 T svcSignalProcessWideKey
000000000000d920 T svcConnectToNamedPort
000000000000d934 T svcSendSyncRequest
000000000000d93c T svcBreak
000000000000d944 T svcReturnFromException
000000000000d94c T svcGetInfo
000000000000d960 T svcAcceptSession
000000000000d974 T svcReplyAndReceive
000000000000d988 T svcUnmapTransferMemory
000000000000d990 T __aarch64_read_tp
000000000000d9a0 0000000000000410 T randomGet
000000000000ddb0 0000000000000020 T randomGet64
000000000000ddd0 0000000000000014 T shmemLoadRemote
000000000000ddf0 0000000000000070 T shmemMap
000000000000de60 0000000000000034 T shmemUnmap
000000000000dea0 000000000000004c T shmemClose
000000000000def0 000000000000002c T tmemCreateFromMemory
000000000000df20 0000000000000034 T tmemUnmap
000000000000df60 0000000000000030 T tmemCloseHandle
000000000000df90 0000000000000050 T tmemClose
000000000000dfe0 0000000000000184 T sessionmgrCreate
000000000000e170 0000000000000084 T sessionmgrClose
000000000000e200 00000000000000a8 T sessionmgrAttachClient
000000000000e2b0 0000000000000060 T sessionmgrDetachClient
000000000000e310 000000000000000c T appletGetAppletResourceUserId
000000000000e320 0000000000000114 T timeToPosixTimeWithMyRule
000000000000e440 0000000000000314 W argvSetup
000000000000e760 00000000000001fc T __nx_dynamic
000000000000e960 000000000000002c W __libnx_init
000000000000e990 000000000000001c W __libnx_exit
000000000000e9b0 000000000000001c T __syscall_exit
000000000000e9d0 0000000000000034 T __syscall_getreent
000000000000ea10 0000000000000004 T __syscall_lock_acquire
000000000000ea20 0000000000000004 T __syscall_lock_release
000000000000ea30 0000000000000004 T __syscall_lock_acquire_recursive
000000000000ea40 0000000000000004 T __syscall_lock_release_recursive
000000000000ea50 000000000000001c T __syscall_cond_broadcast
000000000000ea70 000000000000003c T __syscall_cond_wait
000000000000eab0 0000000000000040 T __syscall_tls_create
000000000000eaf0 0000000000000018 T __syscall_tls_set
000000000000eb10 0000000000000004 T __syscall_tls_get
000000000000eb20 0000000000000018 T __syscall_tls_delete
000000000000eb40 0000000000000098 T newlibSetup
000000000000ebe0 00000000000000e8 T nxlinkSetup
000000000000ecc8 W __libnx_exception_entry
000000000000ed54 t __libnx_exception_entry_start
000000000000ee7c t __libnx_exception_entry_abort
000000000000ee80 t __libnx_exception_entry_end
000000000000ee88 T __libnx_exception_returnentry
000000000000eea0 0000000000000070 T condvarWaitTimeout
000000000000ef20 0000000000000004 T operator delete(void*, unsigned long)
000000000000ef40 0000000000000068 T operator new(unsigned long)
000000000000efc0 000000000000000c t (anonymous namespace)::generic_error_category::name() const
000000000000efe0 0000000000000024 t (anonymous namespace)::generic_error_category::equivalent(int, std::error_condition const&) const
000000000000f020 0000000000000010 T std::_V2::error_category::default_error_condition(int) const
000000000000f040 0000000000000024 T std::_V2::error_category::equivalent(std::error_code const&, int) const
000000000000f080 0000000000000108 t (anonymous namespace)::system_error_category::message[abi:cxx11](int) const
000000000000f080 0000000000000108 t (anonymous namespace)::generic_error_category::message[abi:cxx11](int) const
000000000000f1a0 0000000000000014 T std::system_error::~system_error()
000000000000f1a0 0000000000000014 T std::system_error::~system_error()
000000000000f1c0 000000000000001c T std::system_error::~system_error()
000000000000f1e0 0000000000000064 T std::_V2::error_category::_M_message[abi:cxx11](int) const
000000000000f260 0000000000000004 T std::_V2::error_category::~error_category()
000000000000f260 0000000000000004 T std::_V2::error_category::~error_category()
000000000000f280 0000000000000010 t (anonymous namespace)::generic_error_category::~generic_error_category()
000000000000f280 0000000000000010 t (anonymous namespace)::generic_error_category::~generic_error_category()
000000000000f2a0 0000000000000030 t (anonymous namespace)::generic_error_category::~generic_error_category()
000000000000f2e0 0000000000000024 W std::__cxx11::basic_string<char, std::char_traits<char>, std::allocator<char> >::_M_dispose()
000000000000f320 000000000000005c W std::_Sp_counted_base<(__gnu_cxx::_Lock_policy)2>::_M_release_last_use_cold()
000000000000f380 0000000000000068 W std::_Sp_counted_base<(__gnu_cxx::_Lock_policy)2>::_M_release()
000000000000f400 000000000000010c W std::__cxx11::basic_string<char, std::char_traits<char>, std::allocator<char> >::reserve(unsigned long)
000000000000f520 000000000000000c T std::bad_alloc::what() const
000000000000f540 0000000000000014 T std::bad_alloc::~bad_alloc()
000000000000f540 0000000000000014 T std::bad_alloc::~bad_alloc()
000000000000f560 0000000000000020 T std::bad_alloc::~bad_alloc()
000000000000f580 0000000000000068 T __cxxabiv1::__class_type_info::__do_upcast(__cxxabiv1::__class_type_info const*, void**) const
000000000000f600 0000000000000010 T __cxxabiv1::__class_type_info::__do_find_public_src(long, void const*, __cxxabiv1::__class_type_info const*, void const*) const
000000000000f620 0000000000000014 T __cxxabiv1::__class_type_info::~__class_type_info()
000000000000f620 0000000000000014 T __cxxabiv1::__class_type_info::~__class_type_info()
000000000000f640 0000000000000020 T __cxxabiv1::__class_type_info::~__class_type_info()
000000000000f660 0000000000000090 T __cxxabiv1::__class_type_info::__do_upcast(__cxxabiv1::__class_type_info const*, void const*, __cxxabiv1::__class_type_info::__upcast_result&) const
000000000000f700 00000000000000a8 T __cxxabiv1::__class_type_info::__do_catch(std::type_info const*, void**, unsigned int) const
000000000000f7c0 00000000000000ec T __cxxabiv1::__class_type_info::__do_dyncast(long, __cxxabiv1::__class_type_info::__sub_kind, __cxxabiv1::__class_type_info const*, void const*, __cxxabiv1::__class_type_info const*, void const*, __cxxabiv1::__class_type_info::__dyncast_result&) const
000000000000f8c0 0000000000000004 T operator delete(void*)
000000000000f8e0 000000000000000c W __gnu_cxx::__concurrence_lock_error::what() const
000000000000f900 000000000000000c W __gnu_cxx::__concurrence_unlock_error::what() const
000000000000f920 0000000000000014 W __gnu_cxx::__concurrence_lock_error::~__concurrence_lock_error()
000000000000f920 0000000000000014 W __gnu_cxx::__concurrence_lock_error::~__concurrence_lock_error()
000000000000f940 0000000000000038 W __gnu_cxx::__concurrence_lock_error::~__concurrence_lock_error()
000000000000f980 0000000000000014 W __gnu_cxx::__concurrence_unlock_error::~__concurrence_unlock_error()
000000000000f980 0000000000000014 W __gnu_cxx::__concurrence_unlock_error::~__concurrence_unlock_error()
000000000000f9a0 0000000000000038 W __gnu_cxx::__concurrence_unlock_error::~__concurrence_unlock_error()
000000000000f9e0 0000000000000110 t (anonymous namespace)::pool::free(void*) [clone .constprop.0]
000000000000fb00 00000000000000cc t (anonymous namespace)::pool::allocate(unsigned long) [clone .constprop.0]
000000000000fbe0 0000000000000058 T __cxa_allocate_exception
000000000000fc40 0000000000000028 T __cxa_free_exception
000000000000fc80 000000000000009c T __cxa_begin_catch
000000000000fd20 0000000000000004 T std::exception::~exception()
000000000000fd20 0000000000000004 T std::exception::~exception()
000000000000fd40 0000000000000044 t eh_globals_dtor(void*)
000000000000fda0 0000000000000080 T __cxa_get_globals
000000000000fe20 000000000000007c t get_adjusted_ptr(std::type_info const*, std::type_info const*, void**)
000000000000fea0 0000000000000138 t read_encoded_value_with_base(unsigned char, unsigned long, unsigned char const*, unsigned long*)
000000000000ffe0 0000000000000064 t base_of_encoded_value(unsigned char, _Unwind_Context*)
0000000000010060 0000000000000108 t check_exception_spec(lsda_header_info*, std::type_info const*, void*, long)
0000000000010180 00000000000000f8 t parse_lsda_header(_Unwind_Context*, unsigned char const*, lsda_header_info*)
0000000000010280 0000000000000630 T __gxx_personality_v0
00000000000108c0 0000000000000018 T __cxxabiv1::__terminate(void (*)())
00000000000108e0 0000000000000010 T std::get_terminate()
0000000000010900 0000000000000010 T __cxxabiv1::__unexpected(void (*)())
0000000000010920 0000000000000010 T std::get_unexpected()
0000000000010940 0000000000000058 t __gxx_exception_cleanup(_Unwind_Reason_Code, _Unwind_Exception*)
00000000000109a0 0000000000000054 T __cxa_init_primary_exception
0000000000010a00 000000000000005c T __cxa_throw
0000000000010a60 0000000000000010 T std::get_new_handler()
0000000000010a80 0000000000000014 T __cxxabiv1::__si_class_type_info::~__si_class_type_info()
0000000000010a80 0000000000000014 T __cxxabiv1::__si_class_type_info::~__si_class_type_info()
0000000000010aa0 0000000000000020 T __cxxabiv1::__si_class_type_info::~__si_class_type_info()
0000000000010ac0 0000000000000194 T __cxxabiv1::__si_class_type_info::__do_dyncast(long, __cxxabiv1::__class_type_info::__sub_kind, __cxxabiv1::__class_type_info const*, void const*, __cxxabiv1::__class_type_info const*, void const*, __cxxabiv1::__class_type_info::__dyncast_result&) const
0000000000010c60 00000000000000a8 T __cxxabiv1::__si_class_type_info::__do_find_public_src(long, void const*, __cxxabiv1::__class_type_info const*, void const*) const
0000000000010d20 0000000000000064 T __cxxabiv1::__si_class_type_info::__do_upcast(__cxxabiv1::__class_type_info const*, void const*, __cxxabiv1::__class_type_info::__upcast_result&) const
0000000000010da0 0000000000000004 T std::type_info::~type_info()
0000000000010da0 0000000000000004 T std::type_info::~type_info()
0000000000010dc0 0000000000000008 T std::type_info::__is_pointer_p() const
0000000000010dc0 0000000000000008 T std::type_info::__is_function_p() const
0000000000010de0 0000000000000008 T std::logic_error::what() const
0000000000010de0 0000000000000008 T std::runtime_error::what() const
0000000000010e00 0000000000000074 T std::logic_error::~logic_error()
0000000000010e00 0000000000000074 T std::logic_error::~logic_error()
0000000000010e80 000000000000001c T std::logic_error::~logic_error()
0000000000010ea0 0000000000000014 T std::length_error::~length_error()
0000000000010ea0 0000000000000014 T std::length_error::~length_error()
0000000000010ec0 000000000000001c T std::length_error::~length_error()
0000000000010ee0 0000000000000074 T std::runtime_error::~runtime_error()
0000000000010ee0 0000000000000074 T std::runtime_error::~runtime_error()
0000000000010f60 000000000000001c T std::runtime_error::~runtime_error()
0000000000010f80 00000000000000f8 T std::logic_error::logic_error(char const*)
0000000000010f80 00000000000000f8 T std::logic_error::logic_error(char const*)
0000000000011080 0000000000000030 T std::length_error::length_error(char const*)
0000000000011080 0000000000000030 T std::length_error::length_error(char const*)
00000000000110c0 00000000000000cc T std::__cow_string::__cow_string(char const*, unsigned long)
00000000000110c0 00000000000000cc T std::__cow_string::__cow_string(char const*, unsigned long)
00000000000111a0 0000000000000080 W std::string::_Rep::_S_create(unsigned long, unsigned long, std::allocator<char> const&)
0000000000011220 0000000000000004 W std::string::_Rep::_M_destroy(std::allocator<char> const&)
0000000000011240 0000000000000008 T std::__cow_string::__cow_string(std::__cxx11::basic_string<char, std::char_traits<char>, std::allocator<char> > const&)
0000000000011240 0000000000000008 T std::__cow_string::__cow_string(std::__cxx11::basic_string<char, std::char_traits<char>, std::allocator<char> > const&)
0000000000011260 0000000000000044 T std::runtime_error::runtime_error(std::__cxx11::basic_string<char, std::char_traits<char>, std::allocator<char> > const&)
0000000000011260 0000000000000044 T std::runtime_error::runtime_error(std::__cxx11::basic_string<char, std::char_traits<char>, std::allocator<char> > const&)
00000000000112c0 0000000000000298 t init_dwarf_reg_size_table
0000000000011560 000000000000018c t uw_install_context_1
0000000000011700 000000000000018c t read_encoded_value
00000000000118a0 00000000000007f8 t execute_stack_op
00000000000120a0 0000000000000334 t uw_update_context_1
00000000000123e0 00000000000000f8 t uw_update_context
00000000000124e0 0000000000000868 t execute_cfa_program_specialized
0000000000012d60 0000000000000898 t execute_cfa_program_generic
0000000000013600 000000000000043c t uw_frame_state_for
0000000000013a40 000000000000036c t uw_init_context_1
0000000000013dc0 0000000000000140 t _Unwind_RaiseException_Phase2
0000000000013f00 0000000000000154 t _Unwind_ForcedUnwind_Phase2
0000000000014060 0000000000000050 t _Unwind_SetGR
00000000000140c0 0000000000000014 t _Unwind_GetIPInfo
00000000000140e0 0000000000000008 t _Unwind_SetIP
0000000000014100 0000000000000008 t _Unwind_GetLanguageSpecificData
0000000000014120 0000000000000008 t _Unwind_GetRegionStart
0000000000014140 0000000000000008 t _Unwind_GetDataRelBase
0000000000014160 0000000000000008 t _Unwind_GetTextRelBase
0000000000014180 0000000000000004 t _Unwind_DebugHook
00000000000141a0 00000000000001a4 t _Unwind_RaiseException
0000000000014360 000000000000012c t _Unwind_Resume
00000000000144a0 000000000000001c t _Unwind_DeleteException
00000000000144c0 0000000000000018 t fde_unencoded_compare
00000000000144e0 000000000000002c t fde_unencoded_extract
0000000000014520 00000000000000ec t frame_downheap
0000000000014620 0000000000000138 t read_encoded_value_with_base
0000000000014760 0000000000000220 t fde_radixsort
0000000000014980 0000000000000110 t __deregister_frame_info_bases.part.0
0000000000014aa0 0000000000000124 t get_cie_encoding
0000000000014be0 00000000000000d8 t fde_mixed_encoding_extract
0000000000014cc0 00000000000001e0 t classify_object_over_fdes.constprop.0
0000000000014ea0 00000000000000bc t fde_single_encoding_extract
0000000000014f60 00000000000000a8 t fde_single_encoding_compare
0000000000015020 000000000000010c t fde_mixed_encoding_compare
0000000000015140 0000000000000234 t add_fdes.isra.0
0000000000015380 00000000000002e8 t linear_search_fdes
0000000000015680 0000000000000558 t search_object
0000000000015be0 0000000000000060 t __register_frame_info
0000000000015c40 0000000000000018 t __deregister_frame_info
0000000000015c60 00000000000001d0 t _Unwind_Find_FDE
0000000000015e30 0000000000000030 T __arm_za_disable
0000000000015e30 0000000000000030 t __libgcc_arm_za_disable
0000000000015e60 0000000000000070 t __sfp_handle_exceptions
0000000000015ed0 00000000000000a0 T __arm_tpidr2_save
0000000000015ed0 00000000000000a0 t __libgcc_arm_tpidr2_save
0000000000015f80 0000000000000104 T strrchr
00000000000160a0 0000000000000028 T srand
00000000000160e0 0000000000000038 T rand
0000000000016120 0000000000000024 T getenv
0000000000016160 0000000000000064 T __assert_func
00000000000161e0 0000000000000130 T _fclose_r
0000000000016320 000000000000001c T fclose
0000000000016340 0000000000000104 T memset
0000000000016460 000000000000002c T __locale_mb_cur_max
00000000000164a0 0000000000000080 T fprintf
0000000000016520 000000000000002c T stat
0000000000016580 0000000000000134 T strcmp
00000000000166c0 0000000000000080 T fiprintf
0000000000016740 00000000000001b4 T strncmp
0000000000016900 00000000000000dc T memchr
00000000000169e0 000000000000001c t stdio_exit_handler
0000000000016a00 000000000000006c t cleanup_stdio
0000000000016a80 0000000000000134 t global_stdio_init.part.0
0000000000016bc0 000000000000000c T __sfp_lock_acquire
0000000000016be0 000000000000000c T __sfp_lock_release
0000000000016c00 0000000000000138 T __sfp
0000000000016d40 0000000000000054 T __sinit
0000000000016da0 00000000000001a4 t _strtoul_l.isra.0
0000000000016f60 0000000000000040 T strtoul
0000000000016fa0 00000000000002dc T __utf8_mbtowc
0000000000017280 00000000000000a4 T __libc_init_array
0000000000017340 000000000000002c T rename
0000000000017380 0000000000000088 T strncat
0000000000017420 0000000000000098 T _fwalk_sglue
00000000000174c0 00000000000000b4 T bsearch
0000000000017580 0000000000000014 T __errno
00000000000175c0 00000000000000cc T strchr
00000000000176a0 000000000000002c T aligned_alloc
00000000000176e0 0000000000000018 T abort
0000000000017700 000000000000022c T memcpy
0000000000017700 T memmove
000000000001792c 0000000000000790 t get_arg
00000000000180bc 0000000000003bd4 T _vfprintf_r
000000000001bc90 00000000000000d0 t __sbprintf
000000000001bd60 0000000000000840 T _malloc_r
000000000001c5a0 00000000000001a4 t quorem
000000000001c760 0000000000001320 T _dtoa_r
000000000001da80 00000000000000d0 T _wcrtomb_r
000000000001db60 000000000000011c T _malloc_trim_r
000000000001dc80 00000000000002d8 T _free_r
000000000001df60 00000000000000f8 T snprintf
000000000001e058 0000000000000790 t get_arg
000000000001e7e8 0000000000003a84 T _svfprintf_r
0000000000022280 00000000000002c0 t _strtol_l.part.0
0000000000022540 0000000000000078 T strtol
00000000000225c0 000000000000012c T strcpy
0000000000022700 0000000000000038 T malloc
0000000000022740 000000000000001c T free
0000000000022760 00000000000000b0 T __xpg_strerror_r
0000000000022820 00000000000001ec T __sflush_r
0000000000022a20 00000000000000bc T _fflush_r
0000000000022ae0 0000000000000028 T gmtime
0000000000022b40 0000000000000130 T strlen
0000000000022c80 00000000000000f4 T _findenv_r
0000000000022d80 0000000000000134 t critical_factorization
0000000000022ec0 00000000000002f0 t two_way_long_needle
00000000000231c0 0000000000000258 T strstr
0000000000023420 0000000000000084 T strncasecmp
00000000000234c0 00000000000000b8 T strnlen
0000000000023580 000000000000000c T __malloc_lock
00000000000235a0 000000000000000c T __malloc_unlock
00000000000235c0 00000000000001c8 T memcmp
00000000000237a0 0000000000000120 T _fopen_r
00000000000238c0 000000000000002c T fopen
0000000000023900 00000000000000e0 T __utf8_wctomb
00000000000239e0 00000000000000ac T strncpy
0000000000023aa0 00000000000001a4 t _strtoull_l.isra.0
0000000000023c60 0000000000000040 T strtoull
0000000000023ca0 0000000000000010 T _wcsrtombs_r
0000000000023cc0 000000000000012c T __swsetup_r
0000000000023e00 0000000000000058 T _remove_r
0000000000023e60 000000000000001c T remove
0000000000023e80 000000000000007c T frexp
0000000000023f00 000000000000004c T __sread
0000000000023f60 0000000000000070 T __swrite
0000000000023fe0 0000000000000050 T __sseek
0000000000024040 0000000000000008 T __sclose
0000000000024060 000000000000009c T _raise_r
0000000000024100 000000000000001c T raise
0000000000024120 000000000000000c T __env_lock
0000000000024140 000000000000000c T __env_unlock
0000000000024160 0000000000000418 T _strerror_r
0000000000024580 00000000000000a4 T _Balloc
0000000000024640 0000000000000020 T _Bfree
0000000000024660 0000000000000118 T __multadd
0000000000024780 0000000000000094 T __hi0bits
0000000000024820 0000000000000100 T __lo0bits
0000000000024920 000000000000004c T __i2b
0000000000024980 0000000000000210 T __multiply
0000000000024ba0 0000000000000104 T __pow5mult
0000000000024cc0 0000000000000174 T __lshift
0000000000024e40 0000000000000050 T __mcmp
0000000000024ea0 00000000000001c4 T __mdiff
0000000000025080 000000000000014c T __d2b
00000000000251e0 0000000000000008 T _user_strerror
0000000000025200 00000000000000c8 T __ssprint_r
00000000000252e0 00000000000002a0 T gmtime_r
0000000000025580 0000000000000790 t get_arg
0000000000025d10 0000000000002964 T _vfiprintf_r
0000000000028674 00000000000000d0 t __sbprintf
0000000000028760 000000000000018c T _memalign_r
0000000000028900 0000000000000188 T _wcsnrtombs_l
0000000000028aa0 0000000000000054 T _wcsnrtombs_r
0000000000028b00 0000000000000038 T __sprint_r
0000000000028b40 0000000000000008 T __localeconv_l
0000000000028b60 0000000000000028 T _localeconv_r
0000000000028ba0 00000000000000bc T _calloc_r
0000000000028c60 0000000000000004 T _fseek_r
0000000000028c80 00000000000000b8 T __sflags
0000000000028d40 00000000000000b0 T __swhatbuf_r
0000000000028e00 00000000000000e8 T __smakebuf_r
0000000000028f00 0000000000000568 T _realloc_r
0000000000029480 0000000000000188 T __ssputs_r
0000000000029620 00000000000004a4 T __sfvwrite_r
0000000000029ae0 00000000000004c0 T _fseeko_r
0000000000029fa0 0000000000000148 T __call_exitprocs
000000000002a100 0000000000000038 t lflush
000000000002a140 0000000000000190 T __srefill_r
000000000002a2e0 0000000000000020 T _exit
000000000002a300 000000000000009c T _fstat_r
000000000002a3a0 0000000000000010 T _getpid_r
000000000002a3c0 0000000000000020 T __getreent
000000000002a3e0 00000000000000a0 T __release_handle
000000000002a480 0000000000000130 T __alloc_handle
000000000002a5c0 0000000000000060 T __get_handle
000000000002a620 00000000000000f4 T _close_r
000000000002a720 0000000000000008 t null_write
000000000002a740 0000000000000018 T setDefaultDevice
000000000002a760 0000000000000110 T FindDevice
000000000002a880 0000000000000034 T RemoveDevice
000000000002a8c0 00000000000000c4 T AddDevice
000000000002a9a0 0000000000000034 T GetDeviceOpTab
000000000002a9e0 0000000000000008 T _isatty_r
000000000002aa00 0000000000000010 T _kill_r
000000000002aa20 00000000000000a0 T _lseek_r
000000000002aac0 0000000000000088 T mkdir
000000000002ab60 000000000000006c T pthread_mutex_lock
000000000002abe0 000000000000006c T pthread_mutex_unlock
000000000002ac60 00000000000000d4 T pthread_once
000000000002ad40 0000000000000024 T pthread_key_create
000000000002ad80 0000000000000018 T pthread_setspecific
000000000002ada0 0000000000000018 T pthread_getspecific
000000000002adc0 0000000000000018 T pthread_key_delete
000000000002ade0 00000000000000f0 T _open_r
000000000002aee0 00000000000000b0 T _read_r
000000000002afa0 00000000000000a8 T _rename_r
000000000002b060 0000000000000084 T _rmdir_r
000000000002b100 0000000000000078 W _sbrk_r
000000000002b180 000000000000008c T _stat_r
000000000002b220 0000000000000014 T __libc_lock_acquire
000000000002b240 0000000000000014 T __libc_lock_release
000000000002b260 0000000000000014 T __libc_lock_acquire_recursive
000000000002b280 0000000000000014 T __libc_lock_release_recursive
000000000002b2a0 0000000000000018 T __libc_cond_broadcast
000000000002b2c0 0000000000000018 T __libc_cond_wait
000000000002b2e0 0000000000000080 T _unlink_r
000000000002b360 00000000000000b0 T _write_r
000000000002b420 0000000000000380 t __trunctfdf2
000000000002b7a0 T _init
000000000002b7d8 T _fini
000000000002d588 000000000000000c r __func__.0
000000000002d598 000000000000000c r __func__.6
000000000002d5a8 000000000000000e r __func__.1
000000000002d5b8 000000000000000d r __func__.11
000000000002d5c8 0000000000000009 r __func__.5
000000000002d5e0 0000000000000058 r g_hiddbgDeviceTypeInternalTable
000000000002d650 0000000000000020 r error_table
000000000002d6b0 0000000000000019 V typeinfo name for std::_V2::error_category
000000000002d6d0 0000000000000011 V typeinfo name for std::system_error
000000000002d6e8 000000000000002a r typeinfo name for (anonymous namespace)::generic_error_category
000000000002d718 000000000000000d V typeinfo name for std::bad_alloc
000000000002d728 0000000000000022 V typeinfo name for __cxxabiv1::__class_type_info
000000000002d750 0000000000000027 V typeinfo name for __gnu_cxx::__concurrence_lock_error
000000000002d778 0000000000000029 V typeinfo name for __gnu_cxx::__concurrence_unlock_error
000000000002d7a8 000000000000000d V typeinfo name for std::exception
000000000002d7b8 0000000000000020 V typeinfo name for __cxxabiv1::__forced_unwind
000000000002d7d8 0000000000000024 V typeinfo name for __cxxabiv1::__foreign_exception
000000000002d800 0000000000000025 V typeinfo name for __cxxabiv1::__si_class_type_info
000000000002d828 000000000000000d V typeinfo name for std::type_info
000000000002d838 0000000000000010 V typeinfo name for std::logic_error
000000000002d848 0000000000000011 V typeinfo name for std::length_error
000000000002d860 0000000000000012 V typeinfo name for std::runtime_error
000000000002d990 0000000000000008 r terminator.0
000000000002d998 0000000000000001 R __aarch64_have_sme
000000000002dad0 0000000000000010 r zeroes.0
000000000002dae0 0000000000000010 r blanks.1
000000000002dc00 0000000000000010 r zeroes.0
000000000002dc10 0000000000000010 r blanks.1
000000000002dc20 0000000000000101 R _ctype_
000000000002dd28 000000000000006c R __action_table
000000000002dd98 000000000000006c R __state_table
000000000002de08 0000000000000100 R __chclass
000000000002e028 000000000000000c r p05.0
000000000002e038 0000000000000028 R __mprec_bigtens
000000000002e060 00000000000000c8 R __mprec_tens
000000000002e220 0000000000000010 r zeroes.0
000000000002e230 0000000000000010 r blanks.1
000000000002e240 r __tls_align
000000000002e2f0 r __EH_FRAME_BEGIN__
000000000002e2f0 r __eh_frame_hdr_end
000000000002e2f0 r __eh_frame_hdr_start
00000000000349d4 r __FRAME_END__
0000000000035000 d __frame_dummy_init_array_entry
0000000000035000 d __init_array_start
0000000000035000 d __preinit_array_end
0000000000035000 d __preinit_array_start
0000000000035000 d __relro_start
0000000000035038 d __fini_array_start
0000000000035038 d __init_array_end
0000000000035040 d __do_global_dtors_aux_fini_array_entry
0000000000035050 d __fini_array_end
0000000000035050 0000000000000100 d BUTTONS
0000000000035150 0000000000000100 d fsdev_devoptab
0000000000035250 0000000000000100 D dotab_stdnull
0000000000035350 0000000000000010 V typeinfo for std::_V2::error_category
0000000000035360 0000000000000018 V typeinfo for std::system_error
0000000000035378 0000000000000018 d typeinfo for (anonymous namespace)::generic_error_category
0000000000035390 0000000000000050 d vtable for (anonymous namespace)::generic_error_category
00000000000353e0 0000000000000028 V vtable for std::system_error
0000000000035408 0000000000000018 V typeinfo for std::bad_alloc
0000000000035420 0000000000000028 V vtable for std::bad_alloc
0000000000035448 0000000000000018 V typeinfo for __cxxabiv1::__class_type_info
0000000000035460 0000000000000058 V vtable for __cxxabiv1::__class_type_info
00000000000354b8 0000000000000018 V typeinfo for __gnu_cxx::__concurrence_lock_error
00000000000354d0 0000000000000018 V typeinfo for __gnu_cxx::__concurrence_unlock_error
00000000000354e8 0000000000000028 V vtable for __gnu_cxx::__concurrence_lock_error
0000000000035510 0000000000000028 V vtable for __gnu_cxx::__concurrence_unlock_error
0000000000035538 0000000000000010 V typeinfo for std::exception
0000000000035548 0000000000000010 V typeinfo for __cxxabiv1::__forced_unwind
0000000000035558 0000000000000010 V typeinfo for __cxxabiv1::__foreign_exception
0000000000035568 0000000000000018 V typeinfo for __cxxabiv1::__si_class_type_info
0000000000035580 0000000000000058 V vtable for __cxxabiv1::__si_class_type_info
00000000000355d8 0000000000000010 V typeinfo for std::type_info
00000000000355e8 0000000000000018 V typeinfo for std::logic_error
0000000000035600 0000000000000018 V typeinfo for std::length_error
0000000000035618 0000000000000018 V typeinfo for std::runtime_error
0000000000035630 0000000000000028 V vtable for std::logic_error
0000000000035658 0000000000000028 V vtable for std::length_error
0000000000035680 0000000000000028 V vtable for std::runtime_error
00000000000356a8 a _DYNAMIC
00000000000357f8 d __got_start__
00000000000357f8 a _GLOBAL_OFFSET_TABLE_
0000000000035c80 d __got_end__
0000000000036000 d __data_start
0000000000036080 0000000000000004 D __nx_fs_num_sessions
0000000000036084 0000000000000004 D __nx_applet_type
0000000000036088 0000000000000008 D g_NOTIF_AUTOFIRE_ON
0000000000036090 0000000000000008 D g_NOTIF_AUTOFIRE_OFF
0000000000036098 0000000000000008 D g_NOTIF_MAPPING_ON
00000000000360a0 0000000000000008 D g_NOTIF_MAPPING_OFF
00000000000360a8 0000000000000008 D g_NOTIF_ALL_ON
00000000000360b0 0000000000000008 D g_NOTIF_ALL_OFF
00000000000360b8 0000000000000001 V __nx_fsdev_support_cwd
00000000000360bc 0000000000000004 V __nx_fsdev_direntry_cache_size
00000000000360c0 0000000000000008 V __nx_exception_stack_size
00000000000360c8 0000000000000008 V DW.ref.__gxx_personality_v0
00000000000360d0 0000000000000008 d (anonymous namespace)::generic_category_instance
00000000000360d8 0000000000000008 D __cxxabiv1::__unexpected_handler
00000000000360e0 0000000000000008 D __cxxabiv1::__terminate_handler
00000000000360e8 00000000000001a8 D __global_locale
0000000000036290 0000000000000018 D __sglue
00000000000362a8 0000000000000008 D __malloc_sbrk_base
00000000000362b0 0000000000000008 D __malloc_trim_threshold
00000000000362b8 0000000000000810 D __malloc_av_
0000000000036ac8 0000000000000008 D _impure_ptr
0000000000036ad0 0000000000000180 D _impure_data
0000000000036c50 0000000000000008 D environ
0000000000036c60 0000000000002000 d handles
0000000000038c60 0000000000000010 d __stderr_handle
0000000000038c70 0000000000000010 d __stdout_handle
0000000000038c80 0000000000000010 d __stdin_handle
0000000000038c90 0000000000000118 D devoptab_list
0000000000038da8 0000000000000004 d defaultDevice
0000000000038db0 d __tdata_lma
0000000000038db0 d __tdata_lma_end
0000000000039000 b __bss_start__
0000000000039000 b completed.1
0000000000039008 b object.0
0000000000039038 0000000000000001 b _notif_random_path::initialized
0000000000039039 0000000000000001 b _notif_check_module_file::exists_cached
000000000003903a 0000000000000001 b _notif_ensure_dir::ensured
000000000003a000 0000000000001000 B AutoKeyManager::hdls_work_buffer
000000000003b000 0000000000001000 B AutoKeyManager::autokey_thread_stack
000000000003c000 0000000000000001 b s_MappingEnabled
000000000003c008 0000000000000001 B FocusMonitor::m_CurrentState
000000000003c00c 0000000000000004 B FocusMonitor::m_LastCheckedIndex
000000000003c010 0000000000000008 B FocusMonitor::m_LastTid
000000000003c018 0000000000000008 B GameMonitor::m_LastTid
000000000003d000 0000000000001000 B IPCServer::ipc_thread_stack
000000000003e000 0000000000003000 b __libnx_initheap::inner_heap
0000000000041000 00000000000000d8 b g_tlsDestructors
00000000000410d8 0000000000000008 b g_tlsUsageMask
00000000000410e0 0000000000000038 b g_mainThread
0000000000041118 0000000000000008 b g_threadList
0000000000041120 0000000000000004 b g_threadMutex
0000000000041124 0000000000000001 b g_IsLegacyKernel
0000000000041128 0000000000000008 b g_Reservations
0000000000041130 0000000000000010 b g_StackRegion
0000000000041140 0000000000000010 b g_AslrRegion
0000000000041150 0000000000000010 b g_HeapRegion
0000000000041160 0000000000000010 b g_AliasRegion
0000000000041170 0000000000000004 b g_VirtmemMutex
0000000000041178 0000000000000008 b g_fsGuard
0000000000041180 0000000000000054 b g_fsSessionMgr
00000000000411d8 0000000000000010 b g_fsSrv
00000000000411e8 0000000000000008 b g_hidGuard
00000000000411f0 0000000000000008 b g_sevenSixAxisSensorBuffer
00000000000411f8 0000000000000020 b g_hidSharedmem
0000000000041218 0000000000000010 b g_hidIActiveVibrationDeviceList
0000000000041228 0000000000000010 b g_hidIAppletResource
0000000000041238 0000000000000010 b g_hidSrv
0000000000041248 0000000000000008 b g_hiddbgGuard
0000000000041250 0000000000000008 b g_hiddbgHdlsWorkmem
0000000000041258 0000000000000028 b g_hiddbgHdlsTmem
0000000000041280 0000000000000001 b g_hiddbgHdlsInitialized
0000000000041288 0000000000000010 b g_hiddbgSrv
0000000000041298 0000000000000008 b g_hidsysGuard
00000000000412a0 0000000000000008 b g_hidsysAppletResourceUserId
00000000000412a8 0000000000000010 b g_hidsysSrv
00000000000412b8 0000000000000008 b g_pdmqryGuard
00000000000412c0 0000000000000010 b g_pdmqrySrv
00000000000412d0 0000000000000008 b g_pmshellGuard
00000000000412d8 0000000000000010 b g_pmshellSrv
00000000000412e8 0000000000000008 b g_pmdmntGuard
00000000000412f0 0000000000000010 b g_pmdmntSrv
0000000000041300 0000000000000008 b g_setsysGuard
0000000000041308 0000000000000008 b g_setGuard
0000000000041310 0000000000000004 b g_setLanguageCodesTotal
0000000000041320 0000000000000200 b g_setLanguageCodes
0000000000041520 0000000000000001 b g_setLanguageCodesInitialized
0000000000041528 0000000000000010 b g_setsysSrv
0000000000041538 0000000000000010 b g_setSrv
0000000000041548 0000000000000008 b g_smGuard
0000000000041550 0000000000000008 b g_smOverridesNum
0000000000041558 0000000000000180 b g_smOverrides
00000000000416d8 0000000000000010 b g_smSrv
00000000000416e8 0000000000000008 b g_userIdStorage
00000000000416f0 0000000000000010 b g_randomSeed
0000000000041700 0000000000000001 b g_hasRandomSeed
0000000000041704 0000000000000004 b g_lastLoadResult
0000000000041708 0000000000000008 b g_nextLoadArgv
0000000000041710 0000000000000008 b g_nextLoadPath
0000000000041718 0000000000000004 b g_processHandle
0000000000041720 0000000000000018 b g_syscallHints
0000000000041738 0000000000000008 b g_overrideArgv
0000000000041740 0000000000000008 b g_overrideHeapSize
0000000000041748 0000000000000008 b g_overrideHeapAddr
0000000000041750 0000000000000008 b g_loaderRetAddr
0000000000041758 0000000000000004 b g_mainThreadHandle
0000000000041760 0000000000000008 b g_loaderInfoSize
0000000000041768 0000000000000008 b g_loaderInfo
0000000000041770 0000000000000001 b g_isNso
0000000000041774 0000000000000004 b g_hosVersion
0000000000041780 0000000000002800 b fsdev_fsdevices
0000000000043f80 0000000000000004 b fsdev_fsdevice_cwd
0000000000043f84 0000000000000001 b fsdev_initialised
0000000000043f88 B __stack_top
0000000000043f90 0000000000000004 b g_randMutex
0000000000043f94 0000000000000001 b g_randInit
0000000000043fa0 0000000000000040 b g_chacha
0000000000043fe0 0000000000000008 b g_appletResourceUserId
0000000000043fe8 0000000000000010 b g_timeTimeZoneService
0000000000043ff8 0000000000000008 b g_argv_empty
0000000000044000 0000000000000008 B __system_argv
0000000000044008 0000000000000004 B __system_argc
0000000000044010 0000000000000340 B __nx_exceptiondump
0000000000044350 0000000000000004 V __nx_exception_ignoredebug
0000000000044360 0000000000000400 V __nx_exception_stack
0000000000044760 0000000000000004 B __nxlink_host
0000000000044768 0000000000000010 B std::chrono::tzdb_list::_Node::_S_head_owner
0000000000044780 0000000000000028 b (anonymous namespace)::emergency_pool
00000000000447a8 0000000000000004 b init
00000000000447ac 0000000000000001 B __eh_globals_init::_S_init
00000000000447b0 0000000000000010 b (anonymous namespace)::eh_globals
00000000000447c0 0000000000000008 b (anonymous namespace)::__new_handler
00000000000447c8 0000000000000020 V std::string::_Rep::_S_empty_rep_storage
00000000000447e8 0000000000000008 V guard variable for std::__cxx11::collate<wchar_t>::id
00000000000447f0 0000000000000008 V guard variable for std::__cxx11::messages<wchar_t>::id
00000000000447f8 0000000000000008 V guard variable for std::__cxx11::time_get<wchar_t, std::istreambuf_iterator<wchar_t, std::char_traits<wchar_t> > >::id
0000000000044800 0000000000000008 V guard variable for std::__cxx11::numpunct<wchar_t>::id
0000000000044808 0000000000000008 V guard variable for std::__cxx11::moneypunct<wchar_t, true>::id
0000000000044810 0000000000000008 V guard variable for std::__cxx11::moneypunct<wchar_t, false>::id
0000000000044818 0000000000000008 V guard variable for std::__cxx11::money_put<wchar_t, std::ostreambuf_iterator<wchar_t, std::char_traits<wchar_t> > >::id
0000000000044820 0000000000000008 V guard variable for std::__cxx11::money_get<wchar_t, std::istreambuf_iterator<wchar_t, std::char_traits<wchar_t> > >::id
0000000000044828 0000000000000008 V guard variable for std::collate<char>::id
0000000000044830 0000000000000008 V guard variable for std::messages<char>::id
0000000000044838 0000000000000008 V guard variable for std::time_get<char, std::istreambuf_iterator<char, std::char_traits<char> > >::id
0000000000044840 0000000000000008 V guard variable for std::time_put<char, std::ostreambuf_iterator<char, std::char_traits<char> > >::id
0000000000044848 0000000000000008 V guard variable for std::__timepunct<char>::id
0000000000044850 0000000000000008 V guard variable for std::numpunct<char>::id
0000000000044858 0000000000000008 V guard variable for std::moneypunct<char, true>::id
0000000000044860 0000000000000008 V guard variable for std::moneypunct<char, false>::id
0000000000044868 0000000000000008 V guard variable for std::money_put<char, std::ostreambuf_iterator<char, std::char_traits<char> > >::id
0000000000044870 0000000000000008 V guard variable for std::money_get<char, std::istreambuf_iterator<char, std::char_traits<char> > >::id
0000000000044878 0000000000000008 V guard variable for std::num_put<char, std::ostreambuf_iterator<char, std::char_traits<char> > >::id
0000000000044880 0000000000000008 V guard variable for std::num_get<char, std::istreambuf_iterator<char, std::char_traits<char> > >::id
0000000000044888 0000000000000008 V guard variable for std::collate<wchar_t>::id
0000000000044890 0000000000000008 V guard variable for std::messages<wchar_t>::id
0000000000044898 0000000000000008 V guard variable for std::time_get<wchar_t, std::istreambuf_iterator<wchar_t, std::char_traits<wchar_t> > >::id
00000000000448a0 0000000000000008 V guard variable for std::time_put<wchar_t, std::ostreambuf_iterator<wchar_t, std::char_traits<wchar_t> > >::id
00000000000448a8 0000000000000008 V guard variable for std::__timepunct<wchar_t>::id
00000000000448b0 0000000000000008 V guard variable for std::numpunct<wchar_t>::id
00000000000448b8 0000000000000008 V guard variable for std::moneypunct<wchar_t, true>::id
00000000000448c0 0000000000000008 V guard variable for std::moneypunct<wchar_t, false>::id
00000000000448c8 0000000000000008 V guard variable for std::money_put<wchar_t, std::ostreambuf_iterator<wchar_t, std::char_traits<wchar_t> > >::id
00000000000448d0 0000000000000008 V guard variable for std::money_get<wchar_t, std::istreambuf_iterator<wchar_t, std::char_traits<wchar_t> > >::id
00000000000448d8 0000000000000008 V guard variable for std::num_put<wchar_t, std::ostreambuf_iterator<wchar_t, std::char_traits<wchar_t> > >::id
00000000000448e0 0000000000000008 V guard variable for std::num_get<wchar_t, std::istreambuf_iterator<wchar_t, std::char_traits<wchar_t> > >::id
00000000000448e8 0000000000000008 V guard variable for std::__cxx11::collate<char>::id
00000000000448f0 0000000000000008 V guard variable for std::__cxx11::messages<char>::id
00000000000448f8 0000000000000008 V guard variable for std::__cxx11::time_get<char, std::istreambuf_iterator<char, std::char_traits<char> > >::id
0000000000044900 0000000000000008 V guard variable for std::__cxx11::numpunct<char>::id
0000000000044908 0000000000000008 V guard variable for std::__cxx11::moneypunct<char, true>::id
0000000000044910 0000000000000008 V guard variable for std::__cxx11::moneypunct<char, false>::id
0000000000044918 0000000000000008 V guard variable for std::__cxx11::money_put<char, std::ostreambuf_iterator<char, std::char_traits<char> > >::id
0000000000044920 0000000000000008 V guard variable for std::__cxx11::money_get<char, std::istreambuf_iterator<char, std::char_traits<char> > >::id
0000000000044928 0000000000000004 b once_regsizes.0
0000000000044930 0000000000000062 b dwarf_reg_size_table
0000000000044998 0000000000000010 b object_mutex
00000000000449a8 0000000000000008 b seen_objects
00000000000449b0 0000000000000008 b unseen_objects
00000000000449b8 000000000000000c b __sfp_recursive_mutex
00000000000449c8 0000000000000228 B __sf
0000000000044bf0 0000000000000008 B __stdio_exit_handler
0000000000044bf8 0000000000000050 B __malloc_current_mallinfo
0000000000044c48 0000000000000008 B __malloc_max_total_mem
0000000000044c50 0000000000000008 B __malloc_max_sbrked_mem
0000000000044c58 0000000000000008 B __malloc_top_pad
0000000000044c60 000000000000000c b __malloc_recursive_mutex
0000000000044c70 000000000000000c b __env_recursive_mutex
0000000000044c80 0000000000000008 b initial_env
0000000000044c88 0000000000000008 B __atexit
0000000000044c90 000000000000000c B __atexit_recursive_mutex
0000000000044c9c 0000000000000004 b __hndl_lock
0000000000044ca0 0000000000000008 B fake_heap_start
0000000000044ca8 0000000000000008 B fake_heap_end
0000000000044cb0 0000000000000004 b __pthread_once_cv
0000000000044cb4 0000000000000004 b __pthread_once_lock
0000000000044cb8 0000000000000008 b heap_start.0
0000000000044cc0 b __tls_start
00000000000450d0 b __bss_end__
00000000000450d0 b __end__
00000000000450d0 b __tls_end
0000000000046000 b __argdata__
